{
  "stats": {
    "suites": 1,
    "tests": 4,
    "passes": 4,
    "pending": 0,
    "failures": 0,
    "start": "2024-07-08T05:52:24.828Z",
    "end": "2024-07-08T05:52:40.781Z",
    "duration": 15953,
    "testsRegistered": 4,
    "passPercent": 100,
    "pendingPercent": 0,
    "other": 0,
    "hasOther": false,
    "skipped": 0,
    "hasSkipped": false
  },
  "results": [
    {
      "uuid": "588e5727-7a36-48b6-a320-65b336cc268a",
      "title": "",
      "fullFile": "cypress\\UI_testing\\e2e\\tests\\letcode_automation.cy.js",
      "file": "cypress\\UI_testing\\e2e\\tests\\letcode_automation.cy.js",
      "beforeHooks": [],
      "afterHooks": [],
      "tests": [],
      "suites": [
        {
          "uuid": "f5b7a35e-7225-4dbe-bb8c-71e466acda4c",
          "title": "Different operations",
          "fullFile": "",
          "file": "",
          "beforeHooks": [],
          "afterHooks": [],
          "tests": [
            {
              "title": "Inputfield Operations",
              "fullTitle": "Different operations Inputfield Operations",
              "timedOut": null,
              "duration": 5517,
              "state": "passed",
              "speed": "medium",
              "pass": true,
              "fail": false,
              "pending": false,
              "context": null,
              "code": "inputfieldpage.navigateInputField();\ncy.url().should('eq', 'https://letcode.in/edit');\ninputfieldpage.inputOperations(data.inputfiled_data.fullName, data.inputfiled_data.append_text);\ncy.get('input#getMe').invoke('val').then(value => {\n  cy.log('Current value:', value);\n});\ncy.get('input#getMe').invoke('val').should('eq', 'ortonikc');\ninputfieldpage.inputTextOperations();\ncy.get('input#noEdit').should('be.disabled');\ncy.get('input#dontwrite').should('have.attr', 'readonly');",
              "err": {},
              "uuid": "893dbc78-1f47-4cb4-8486-5cc04603763f",
              "parentUUID": "f5b7a35e-7225-4dbe-bb8c-71e466acda4c",
              "isHook": false,
              "skipped": false
            },
            {
              "title": "Buttons Operations",
              "fullTitle": "Different operations Buttons Operations",
              "timedOut": null,
              "duration": 4884,
              "state": "passed",
              "speed": "fast",
              "pass": true,
              "fail": false,
              "pending": false,
              "context": null,
              "code": "buttons.navigateToButtons();\ncy.url().should('eq', 'https://letcode.in/buttons');\ncy.get('button#home').click();\ncy.go('back');\nbuttons.buttonsOperation();\nbuttons.checkButtonColor();\nbuttons.findHeightofButton();\ncy.get('#isDisabled.button.is-info').should('be.disabled');\nbuttons.click_holdButton();",
              "err": {},
              "uuid": "1e948add-83e4-4725-94bc-4844733fe584",
              "parentUUID": "f5b7a35e-7225-4dbe-bb8c-71e466acda4c",
              "isHook": false,
              "skipped": false
            },
            {
              "title": "Drop Down Operations",
              "fullTitle": "Different operations Drop Down Operations",
              "timedOut": null,
              "duration": 2833,
              "state": "passed",
              "speed": "fast",
              "pass": true,
              "fail": false,
              "pending": false,
              "context": null,
              "code": "dropdown.navigateToDropDown();\ncy.url().should('eq', 'https://letcode.in/dropdowns');\ndropdown.selectOperations();\ndropdown.selectLastOption();\ndropdown.selectCountry();",
              "err": {},
              "uuid": "46931a68-e8af-486e-8cb6-1452f6c17fa3",
              "parentUUID": "f5b7a35e-7225-4dbe-bb8c-71e466acda4c",
              "isHook": false,
              "skipped": false
            },
            {
              "title": "Alert Functions",
              "fullTitle": "Different operations Alert Functions",
              "timedOut": null,
              "duration": 2358,
              "state": "passed",
              "speed": "fast",
              "pass": true,
              "fail": false,
              "pending": false,
              "context": null,
              "code": "alerts.navigateToAlerts();\ncy.url().should('eq', 'https://letcode.in/alert');\nalerts.acceptAlerts();\nalerts.cancelTheAlert();",
              "err": {},
              "uuid": "175ee81d-a6fe-48bf-a580-45b6a82ed0f4",
              "parentUUID": "f5b7a35e-7225-4dbe-bb8c-71e466acda4c",
              "isHook": false,
              "skipped": false
            }
          ],
          "suites": [],
          "passes": [
            "893dbc78-1f47-4cb4-8486-5cc04603763f",
            "1e948add-83e4-4725-94bc-4844733fe584",
            "46931a68-e8af-486e-8cb6-1452f6c17fa3",
            "175ee81d-a6fe-48bf-a580-45b6a82ed0f4"
          ],
          "failures": [],
          "pending": [],
          "skipped": [],
          "duration": 15592,
          "root": false,
          "rootEmpty": false,
          "_timeout": 2000
        }
      ],
      "passes": [],
      "failures": [],
      "pending": [],
      "skipped": [],
      "duration": 0,
      "root": true,
      "rootEmpty": true,
      "_timeout": 2000
    }
  ],
  "meta": {
    "mocha": {
      "version": "7.0.1"
    },
    "mochawesome": {
      "options": {
        "quiet": false,
        "reportFilename": "mochawesome",
        "saveHtml": true,
        "saveJson": true,
        "consoleReporter": "spec",
        "useInlineDiffs": false,
        "code": true
      },
      "version": "7.1.3"
    },
    "marge": {
      "options": {
        "reportDir": "cypress/reports/html",
        "overwrite": false,
        "html": true,
        "json": true
      },
      "version": "6.2.0"
    }
  }
}